Using pre-set license
Built from '2021.3/staging' branch; Version is '2021.3.5f1 (40eb3a945986) revision 4254522'; Using compiler version '192829333'; Build Type 'Release'
OS: 'Windows 11  (10.0.22000) 64bit CoreSingleLanguage' Language: 'en' Physical Memory: 32428 MB
BatchMode: 1, IsHumanControllingUs: 0, StartBugReporterOnCrash: 0, Is64bit: 1, IsPro: 1

COMMAND LINE ARGUMENTS:
C:\Program Files\Unity\Hub\Editor\2021.3.5f1\Editor\Unity.exe
-adb2
-batchMode
-noUpm
-name
AssetImportWorker0
-projectPath
C:/Users/adity/Documents/Unity Projects/Lan_Player-R-D/Scene_R&D
-logFile
Logs/AssetImportWorker0.log
-srvPort
55416
Successfully changed project path to: C:/Users/adity/Documents/Unity Projects/Lan_Player-R-D/Scene_R&D
C:/Users/adity/Documents/Unity Projects/Lan_Player-R-D/Scene_R&D
[UnityMemory] Configuration Parameters - Can be set up in boot.config
    "memorysetup-bucket-allocator-granularity=16"
    "memorysetup-bucket-allocator-bucket-count=8"
    "memorysetup-bucket-allocator-block-size=33554432"
    "memorysetup-bucket-allocator-block-count=8"
    "memorysetup-main-allocator-block-size=16777216"
    "memorysetup-thread-allocator-block-size=16777216"
    "memorysetup-gfx-main-allocator-block-size=16777216"
    "memorysetup-gfx-thread-allocator-block-size=16777216"
    "memorysetup-cache-allocator-block-size=4194304"
    "memorysetup-typetree-allocator-block-size=2097152"
    "memorysetup-profiler-bucket-allocator-granularity=16"
    "memorysetup-profiler-bucket-allocator-bucket-count=8"
    "memorysetup-profiler-bucket-allocator-block-size=33554432"
    "memorysetup-profiler-bucket-allocator-block-count=8"
    "memorysetup-profiler-allocator-block-size=16777216"
    "memorysetup-profiler-editor-allocator-block-size=1048576"
    "memorysetup-temp-allocator-size-main=16777216"
    "memorysetup-job-temp-allocator-block-size=2097152"
    "memorysetup-job-temp-allocator-block-size-background=1048576"
    "memorysetup-job-temp-allocator-reduction-small-platforms=262144"
    "memorysetup-temp-allocator-size-background-worker=32768"
    "memorysetup-temp-allocator-size-job-worker=262144"
    "memorysetup-temp-allocator-size-preload-manager=33554432"
    "memorysetup-temp-allocator-size-nav-mesh-worker=65536"
    "memorysetup-temp-allocator-size-audio-worker=65536"
    "memorysetup-temp-allocator-size-cloud-worker=32768"
    "memorysetup-temp-allocator-size-gi-baking-worker=262144"
    "memorysetup-temp-allocator-size-gfx=262144"
Refreshing native plugins compatible for Editor in 59.53 ms, found 3 plugins.
Preloading 0 native plugins for Editor in 0.00 ms.
Initialize engine version: 2021.3.5f1 (40eb3a945986)
[Subsystems] Discovering subsystems at path C:/Program Files/Unity/Hub/Editor/2021.3.5f1/Editor/Data/Resources/UnitySubsystems
[Subsystems] Discovering subsystems at path C:/Users/adity/Documents/Unity Projects/Lan_Player-R-D/Scene_R&D/Assets
GfxDevice: creating device client; threaded=0; jobified=0
Direct3D:
    Version:  Direct3D 11.0 [level 11.1]
    Renderer: NVIDIA GeForce RTX 3080 Ti Laptop GPU (ID=0x2420)
    Vendor:   NVIDIA
    VRAM:     16199 MB
    Driver:   31.0.15.1694
Initialize mono
Mono path[0] = 'C:/Program Files/Unity/Hub/Editor/2021.3.5f1/Editor/Data/Managed'
Mono path[1] = 'C:/Program Files/Unity/Hub/Editor/2021.3.5f1/Editor/Data/MonoBleedingEdge/lib/mono/unityjit-win32'
Mono config path = 'C:/Program Files/Unity/Hub/Editor/2021.3.5f1/Editor/Data/MonoBleedingEdge/etc'
Using monoOptions --debugger-agent=transport=dt_socket,embedding=1,server=y,suspend=n,address=127.0.0.1:56432
Begin MonoManager ReloadAssembly
Registering precompiled unity dll's ...
Register platform support module: C:/Program Files/Unity/Hub/Editor/2021.3.5f1/Editor/Data/PlaybackEngines/AndroidPlayer/UnityEditor.Android.Extensions.dll
Register platform support module: C:/Program Files/Unity/Hub/Editor/2021.3.5f1/Editor/Data/PlaybackEngines/WindowsStandaloneSupport/UnityEditor.WindowsStandalone.Extensions.dll
Registered in 0.003614 seconds.
Native extension for WindowsStandalone target not found
Native extension for Android target not found
Refreshing native plugins compatible for Editor in 46.80 ms, found 3 plugins.
Preloading 0 native plugins for Editor in 0.00 ms.
Mono: successfully reloaded assembly
- Completed reload, in  0.402 seconds
Domain Reload Profiling:
	ReloadAssembly (402ms)
		BeginReloadAssembly (49ms)
			ExecutionOrderSort (0ms)
			DisableScriptedObjects (0ms)
			BackupInstance (0ms)
			ReleaseScriptingObjects (0ms)
			CreateAndSetChildDomain (1ms)
		EndReloadAssembly (290ms)
			LoadAssemblies (48ms)
			RebuildTransferFunctionScriptingTraits (0ms)
			SetupTypeCache (61ms)
			ReleaseScriptCaches (0ms)
			RebuildScriptCaches (18ms)
			SetupLoadedEditorAssemblies (178ms)
				LogAssemblyErrors (0ms)
				InitializePlatformSupportModulesInManaged (43ms)
				SetLoadedEditorAssemblies (1ms)
				RefreshPlugins (47ms)
				BeforeProcessingInitializeOnLoad (1ms)
				ProcessInitializeOnLoadAttributes (61ms)
				ProcessInitializeOnLoadMethodAttributes (25ms)
				AfterProcessingInitializeOnLoad (0ms)
				EditorAssembliesLoaded (0ms)
			ExecutionOrderSort2 (0ms)
			AwakeInstancesAfterBackupRestoration (0ms)
Platform modules already initialized, skipping
Registering precompiled user dll's ...
Registered in 0.004227 seconds.
Begin MonoManager ReloadAssembly
Symbol file LoadedFromMemory doesn't match image C:\Users\adity\Documents\Unity Projects\Lan_Player-R-D\Scene_R&D\Library\PackageCache\com.unity.visualscripting@1.7.8\Editor\VisualScripting.Core\Dependencies\YamlDotNet\Unity.VisualScripting.YamlDotNet.dll
Symbol file LoadedFromMemory doesn't match image C:\Users\adity\Documents\Unity Projects\Lan_Player-R-D\Scene_R&D\Library\PackageCache\com.unity.visualscripting@1.7.8\Editor\VisualScripting.Core\Dependencies\DotNetZip\Unity.VisualScripting.IonicZip.dll
Native extension for WindowsStandalone target not found
Native extension for Android target not found
Refreshing native plugins compatible for Editor in 0.40 ms, found 3 plugins.
Preloading 0 native plugins for Editor in 0.00 ms.
Mono: successfully reloaded assembly
- Completed reload, in  0.851 seconds
Domain Reload Profiling:
	ReloadAssembly (852ms)
		BeginReloadAssembly (198ms)
			ExecutionOrderSort (0ms)
			DisableScriptedObjects (4ms)
			BackupInstance (0ms)
			ReleaseScriptingObjects (0ms)
			CreateAndSetChildDomain (136ms)
		EndReloadAssembly (577ms)
			LoadAssemblies (59ms)
			RebuildTransferFunctionScriptingTraits (0ms)
			SetupTypeCache (169ms)
			ReleaseScriptCaches (0ms)
			RebuildScriptCaches (36ms)
			SetupLoadedEditorAssemblies (278ms)
				LogAssemblyErrors (0ms)
				InitializePlatformSupportModulesInManaged (13ms)
				SetLoadedEditorAssemblies (0ms)
				RefreshPlugins (0ms)
				BeforeProcessingInitializeOnLoad (66ms)
				ProcessInitializeOnLoadAttributes (171ms)
				ProcessInitializeOnLoadMethodAttributes (23ms)
				AfterProcessingInitializeOnLoad (5ms)
				EditorAssembliesLoaded (0ms)
			ExecutionOrderSort2 (0ms)
			AwakeInstancesAfterBackupRestoration (4ms)
Platform modules already initialized, skipping
========================================================================
Worker process is ready to serve import requests
Launched and connected shader compiler UnityShaderCompiler.exe after 0.03 seconds
Refreshing native plugins compatible for Editor in 0.62 ms, found 3 plugins.
Preloading 0 native plugins for Editor in 0.00 ms.
Unloading 3368 Unused Serialized files (Serialized files now loaded: 0)
Unloading 27 unused Assets / (111.1 KB). Loaded Objects now: 3826.
Memory consumption went from 115.9 MB to 115.8 MB.
Total: 3.849900 ms (FindLiveObjects: 0.266900 ms CreateObjectMapping: 0.206200 ms MarkObjects: 3.263400 ms  DeleteObjects: 0.112000 ms)

AssetImportParameters requested are different than current active one (requested -> active):
  custom:video-decoder-ogg-theora: a1e56fd34408186e4bbccfd4996cb3dc -> 
  custom:container-muxer-webm: aa71ff27fc2769a1b78a27578f13a17b -> 
  custom:container-demuxer-webm: 4f35f7cbe854078d1ac9338744f61a02 -> 
  custom:video-encoder-webm-vp8: eb34c28f22e8b96e1ab97ce403110664 -> 
  custom:video-codec-MediaFoundation-h265: 746d11721c4dcdbdad8f713fa42b33f4 -> 
  custom:audio-encoder-webm-vorbis: bf7c407c2cedff20999df2af8eb42d56 -> 
  custom:framework-win-MediaFoundation: 216162199b28c13a410421893ffa2e32 -> 
  custom:container-demuxer-ogg: 62fdf1f143b41e24485cea50d1cbac27 -> 
  custom:video-decoder-webm-vp8: 9c59270c3fd7afecdb556c50c9e8de78 -> 
  custom:audio-decoder-ogg-vorbis: bf7c407c2cedff20999df2af8eb42d56 -> 
========================================================================
Received Import Request.
  Time since last request: 957454.564749 seconds.
  path: Assets/Scenes
  artifactKey: Guid(6ea315d0fd7389c41b19996891e99ae3) Importer(815301076,1909f56bfc062723c751e8b465ee728b)
Start importing Assets/Scenes using Guid(6ea315d0fd7389c41b19996891e99ae3) Importer(815301076,1909f56bfc062723c751e8b465ee728b)  -> (artifact id: 'b8193726cff86800c54781cdc6d54904') in 0.007324 seconds 
========================================================================
Received Import Request.
  Time since last request: 1.176978 seconds.
  path: Assets/Scenes/SampleScene.unity
  artifactKey: Guid(9fc0d4010bbf28b4594072e72b8655ab) Importer(815301076,1909f56bfc062723c751e8b465ee728b)
Start importing Assets/Scenes/SampleScene.unity using Guid(9fc0d4010bbf28b4594072e72b8655ab) Importer(815301076,1909f56bfc062723c751e8b465ee728b)  -> (artifact id: 'e55ccaa32d8e5c1de03c07a5412c8c3c') in 0.001421 seconds 
========================================================================
Received Import Request.
  Time since last request: 31.898363 seconds.
  path: Assets/Scenes/scene_1.unity
  artifactKey: Guid(b689a4faf0c570242baab5fe07666bd4) Importer(815301076,1909f56bfc062723c751e8b465ee728b)
Start importing Assets/Scenes/scene_1.unity using Guid(b689a4faf0c570242baab5fe07666bd4) Importer(815301076,1909f56bfc062723c751e8b465ee728b)  -> (artifact id: '17d5cbaf98ce0e2da841a22d2cbf592b') in 0.001749 seconds 
========================================================================
Received Import Request.
  Time since last request: 3.078235 seconds.
  path: Assets/Scenes/scene_1 1.unity
  artifactKey: Guid(b90cbd086686a0c479ad22d6e8fe5eb9) Importer(815301076,1909f56bfc062723c751e8b465ee728b)
Start importing Assets/Scenes/scene_1 1.unity using Guid(b90cbd086686a0c479ad22d6e8fe5eb9) Importer(815301076,1909f56bfc062723c751e8b465ee728b)  -> (artifact id: 'd351504d8311a653067922954380ddfc') in 0.001460 seconds 
========================================================================
Received Import Request.
  Time since last request: 0.445924 seconds.
  path: Assets/Scenes/scene_1 2.unity
  artifactKey: Guid(81f8bce6d3d6eb04c89968dc7c27a728) Importer(815301076,1909f56bfc062723c751e8b465ee728b)
Start importing Assets/Scenes/scene_1 2.unity using Guid(81f8bce6d3d6eb04c89968dc7c27a728) Importer(815301076,1909f56bfc062723c751e8b465ee728b)  -> (artifact id: 'a4c26cdfc1798acd2b00241f10bc4ed1') in 0.001550 seconds 
========================================================================
Received Import Request.
  Time since last request: 0.331493 seconds.
  path: Assets/Scenes/scene_1 3.unity
  artifactKey: Guid(59df7abab74b117438402cc6b1368f91) Importer(815301076,1909f56bfc062723c751e8b465ee728b)
Start importing Assets/Scenes/scene_1 3.unity using Guid(59df7abab74b117438402cc6b1368f91) Importer(815301076,1909f56bfc062723c751e8b465ee728b)  -> (artifact id: 'b194a14df2c9728b3b5c9c4102c16cf9') in 0.001504 seconds 
========================================================================
Received Import Request.
  Time since last request: 0.361814 seconds.
  path: Assets/Scenes/scene_1 4.unity
  artifactKey: Guid(dec7b239e81e58c44b6b73c2c02b6504) Importer(815301076,1909f56bfc062723c751e8b465ee728b)
Start importing Assets/Scenes/scene_1 4.unity using Guid(dec7b239e81e58c44b6b73c2c02b6504) Importer(815301076,1909f56bfc062723c751e8b465ee728b)  -> (artifact id: '9728ccef80fbdc940a5cf24cc05a43cc') in 0.001634 seconds 
========================================================================
Received Import Request.
  Time since last request: 0.414721 seconds.
  path: Assets/Scenes/scene_1 5.unity
  artifactKey: Guid(368831e08e9e17942a00df58b8385d52) Importer(815301076,1909f56bfc062723c751e8b465ee728b)
Start importing Assets/Scenes/scene_1 5.unity using Guid(368831e08e9e17942a00df58b8385d52) Importer(815301076,1909f56bfc062723c751e8b465ee728b)  -> (artifact id: '0c538ead3ee50a5cd0a0e537bc8aa092') in 0.001365 seconds 
========================================================================
Received Import Request.
  Time since last request: 0.430340 seconds.
  path: Assets/Scenes/scene_1 6.unity
  artifactKey: Guid(5031370d1199ca44b9d7135b47d31177) Importer(815301076,1909f56bfc062723c751e8b465ee728b)
Start importing Assets/Scenes/scene_1 6.unity using Guid(5031370d1199ca44b9d7135b47d31177) Importer(815301076,1909f56bfc062723c751e8b465ee728b)  -> (artifact id: 'd790ce6e037108898b11a06a1734b80d') in 0.001298 seconds 
========================================================================
Received Import Request.
  Time since last request: 1.309141 seconds.
  path: Assets/Scenes/scene_1 7.unity
  artifactKey: Guid(4794e29a60c15374c8f08000b40c3112) Importer(815301076,1909f56bfc062723c751e8b465ee728b)
Start importing Assets/Scenes/scene_1 7.unity using Guid(4794e29a60c15374c8f08000b40c3112) Importer(815301076,1909f56bfc062723c751e8b465ee728b)  -> (artifact id: 'eb7830f25194d55c27e8f8cc0e7f7799') in 0.001344 seconds 
========================================================================
Received Import Request.
  Time since last request: 37.270516 seconds.
  path: Assets/Scenes/scene_5.unity
  artifactKey: Guid(368831e08e9e17942a00df58b8385d52) Importer(815301076,1909f56bfc062723c751e8b465ee728b)
Start importing Assets/Scenes/scene_5.unity using Guid(368831e08e9e17942a00df58b8385d52) Importer(815301076,1909f56bfc062723c751e8b465ee728b)  -> (artifact id: '4d11648ac1adbbd48fc0949c4d93cc18') in 0.001397 seconds 
========================================================================
Received Import Request.
  Time since last request: 6.914284 seconds.
  path: Assets/Scenes/scene_4.unity
  artifactKey: Guid(dec7b239e81e58c44b6b73c2c02b6504) Importer(815301076,1909f56bfc062723c751e8b465ee728b)
Start importing Assets/Scenes/scene_4.unity using Guid(dec7b239e81e58c44b6b73c2c02b6504) Importer(815301076,1909f56bfc062723c751e8b465ee728b)  -> (artifact id: 'c87917df4dd2716a733ed0c8f12c75f0') in 0.001373 seconds 
========================================================================
Received Import Request.
  Time since last request: 7.911399 seconds.
  path: Assets/Scenes/scene_3.unity
  artifactKey: Guid(59df7abab74b117438402cc6b1368f91) Importer(815301076,1909f56bfc062723c751e8b465ee728b)
Start importing Assets/Scenes/scene_3.unity using Guid(59df7abab74b117438402cc6b1368f91) Importer(815301076,1909f56bfc062723c751e8b465ee728b)  -> (artifact id: '5800120dd88f7de2d22c3cdfbaffb977') in 0.001389 seconds 
========================================================================
Received Import Request.
  Time since last request: 8.851353 seconds.
  path: Assets/Scenes/scene_2.unity
  artifactKey: Guid(81f8bce6d3d6eb04c89968dc7c27a728) Importer(815301076,1909f56bfc062723c751e8b465ee728b)
Start importing Assets/Scenes/scene_2.unity using Guid(81f8bce6d3d6eb04c89968dc7c27a728) Importer(815301076,1909f56bfc062723c751e8b465ee728b)  -> (artifact id: '36a1562b339f638abbc4539fd6474f8d') in 0.001389 seconds 
========================================================================
Received Import Request.
  Time since last request: 11.302202 seconds.
  path: Assets/Scenes/scene_1.unity
  artifactKey: Guid(b90cbd086686a0c479ad22d6e8fe5eb9) Importer(815301076,1909f56bfc062723c751e8b465ee728b)
Start importing Assets/Scenes/scene_1.unity using Guid(b90cbd086686a0c479ad22d6e8fe5eb9) Importer(815301076,1909f56bfc062723c751e8b465ee728b)  -> (artifact id: '67e4466ff67cad459516cd2ebae10508') in 0.001214 seconds 
